0 info it worked if it ends with ok
1 verbose cli [ 'C:\\Program Files\\nodejs\\node.exe',
1 verbose cli   'C:\\Program Files\\nodejs\\node_modules\\npm\\bin\\npm-cli.js',
1 verbose cli   'install',
1 verbose cli   '-g',
1 verbose cli   'ionic' ]
2 info using npm@2.14.12
3 info using node@v4.3.0
4 verbose install initial load of C:\Users\Levi\AppData\Roaming\npm\package.json
5 verbose readDependencies loading dependencies from C:\Users\Levi\AppData\Roaming\npm\package.json
6 silly cache add args [ 'ionic', null ]
7 verbose cache add spec ionic
8 silly cache add parsed spec Result {
8 silly cache add   raw: 'ionic',
8 silly cache add   scope: null,
8 silly cache add   name: 'ionic',
8 silly cache add   rawSpec: '',
8 silly cache add   spec: 'latest',
8 silly cache add   type: 'tag' }
9 silly addNamed ionic@latest
10 verbose addNamed "latest" is being treated as a dist-tag for ionic
11 info addNameTag [ 'ionic', 'latest' ]
12 silly mapToRegistry name ionic
13 silly mapToRegistry using default registry
14 silly mapToRegistry registry https://registry.npmjs.org/
15 silly mapToRegistry uri https://registry.npmjs.org/ionic
16 verbose addNameTag registry:https://registry.npmjs.org/ionic not in flight; fetching
17 verbose request uri https://registry.npmjs.org/ionic
18 verbose request no auth needed
19 info attempt registry request try #1 at 17:19:10
20 verbose request id 420e75e79ac9a6f1
21 verbose etag "AUOODBJCLFPOBBT9LYJ8I6HZ2"
22 http request GET https://registry.npmjs.org/ionic
23 http 200 https://registry.npmjs.org/ionic
24 verbose headers { server: 'CouchDB/1.5.0 (Erlang OTP/R16B03)',
24 verbose headers   etag: '"AFVJRIS6MNWN6G7SEDJ0FEMAR"',
24 verbose headers   'content-type': 'application/json',
24 verbose headers   'content-encoding': 'gzip',
24 verbose headers   'cache-control': 'max-age=300',
24 verbose headers   'content-length': '67044',
24 verbose headers   'accept-ranges': 'bytes',
24 verbose headers   date: 'Mon, 17 Oct 2016 21:20:04 GMT',
24 verbose headers   via: '1.1 varnish',
24 verbose headers   age: '131',
24 verbose headers   connection: 'keep-alive',
24 verbose headers   'x-served-by': 'cache-iad2643-IAD',
24 verbose headers   'x-cache': 'HIT',
24 verbose headers   'x-cache-hits': '1',
24 verbose headers   'x-timer': 'S1476739204.434107,VS0,VE1',
24 verbose headers   vary: 'Accept-Encoding' }
25 silly get cb [ 200,
25 silly get   { server: 'CouchDB/1.5.0 (Erlang OTP/R16B03)',
25 silly get     etag: '"AFVJRIS6MNWN6G7SEDJ0FEMAR"',
25 silly get     'content-type': 'application/json',
25 silly get     'content-encoding': 'gzip',
25 silly get     'cache-control': 'max-age=300',
25 silly get     'content-length': '67044',
25 silly get     'accept-ranges': 'bytes',
25 silly get     date: 'Mon, 17 Oct 2016 21:20:04 GMT',
25 silly get     via: '1.1 varnish',
25 silly get     age: '131',
25 silly get     connection: 'keep-alive',
25 silly get     'x-served-by': 'cache-iad2643-IAD',
25 silly get     'x-cache': 'HIT',
25 silly get     'x-cache-hits': '1',
25 silly get     'x-timer': 'S1476739204.434107,VS0,VE1',
25 silly get     vary: 'Accept-Encoding' } ]
26 verbose get saving ionic to C:\Users\Levi\AppData\Roaming\npm-cache\registry.npmjs.org\ionic\.cache.json
27 silly addNameTag next cb for ionic with tag latest
28 silly addNamed ionic@2.1.1
29 verbose addNamed "2.1.1" is a plain semver version for ionic
30 silly mapToRegistry name ionic
31 silly mapToRegistry using default registry
32 silly mapToRegistry registry https://registry.npmjs.org/
33 silly mapToRegistry uri https://registry.npmjs.org/ionic
34 verbose addRemoteTarball https://registry.npmjs.org/ionic/-/ionic-2.1.1.tgz not in flight; adding
35 verbose addRemoteTarball [ 'https://registry.npmjs.org/ionic/-/ionic-2.1.1.tgz',
35 verbose addRemoteTarball   '7345b56915da2100a0efcd5257a4626848c4da80' ]
36 info retry fetch attempt 1 at 17:19:11
37 info attempt registry request try #1 at 17:19:11
38 http fetch GET https://registry.npmjs.org/ionic/-/ionic-2.1.1.tgz
39 http fetch 200 https://registry.npmjs.org/ionic/-/ionic-2.1.1.tgz
40 silly fetchAndShaCheck shasum 7345b56915da2100a0efcd5257a4626848c4da80
41 verbose stack Error: shasum check failed for C:\Users\Levi\AppData\Local\Temp\npm-1124-aaf70a64\registry.npmjs.org\ionic\-\ionic-2.1.1.tgz
41 verbose stack Expected: 7345b56915da2100a0efcd5257a4626848c4da80
41 verbose stack Actual:   602fb0317ad86daae9d566c244119e365bf73cc7
41 verbose stack From:     https://registry.npmjs.org/ionic/-/ionic-2.1.1.tgz
41 verbose stack     at C:\Program Files\nodejs\node_modules\npm\node_modules\sha\index.js:25:8
41 verbose stack     at ReadStream.<anonymous> (C:\Program Files\nodejs\node_modules\npm\node_modules\sha\index.js:72:7)
41 verbose stack     at emitNone (events.js:72:20)
41 verbose stack     at ReadStream.emit (events.js:166:7)
41 verbose stack     at endReadableNT (_stream_readable.js:905:12)
41 verbose stack     at nextTickCallbackWith2Args (node.js:441:9)
41 verbose stack     at process._tickCallback (node.js:355:17)
42 verbose cwd C:\xampp\htdocs\app-territorios
43 error Windows_NT 6.1.7600
44 error argv "C:\\Program Files\\nodejs\\node.exe" "C:\\Program Files\\nodejs\\node_modules\\npm\\bin\\npm-cli.js" "install" "-g" "ionic"
45 error node v4.3.0
46 error npm  v2.14.12
47 error shasum check failed for C:\Users\Levi\AppData\Local\Temp\npm-1124-aaf70a64\registry.npmjs.org\ionic\-\ionic-2.1.1.tgz
47 error Expected: 7345b56915da2100a0efcd5257a4626848c4da80
47 error Actual:   602fb0317ad86daae9d566c244119e365bf73cc7
47 error From:     https://registry.npmjs.org/ionic/-/ionic-2.1.1.tgz
48 error If you need help, you may report this error at:
48 error     <https://github.com/npm/npm/issues>
49 verbose exit [ 1, true ]
